{"/Users/rurutseng/Documents/002練習/002網頁練習/vue/unit-vue-test/src/components/Appheader.vue": {"path":"/Users/rurutseng/Documents/002練習/002網頁練習/vue/unit-vue-test/src/components/Appheader.vue","statementMap":{"0":{"start":{"line":10,"column":0},"end":{"line":10,"column":null}}},"fnMap":{"0":{"name":"(anonymous_1)","decl":{"start":{"line":9,"column":0},"end":{"line":9,"column":null}},"loc":{"start":{"line":9,"column":0},"end":{"line":13,"column":null}}}},"branchMap":{},"s":{"0":2},"f":{"0":2},"b":{}}
}
